<div class="story">
<h1></h1>
<div class="path">stories/Chat_Model/Chat.story</div>
<div class="narrative"><h2>Narrative:</h2>
<div class="element inOrderTo"><span class="keyword inOrderTo">In order to</span> open chat modal</div>
<div class="element asA"><span class="keyword asA">As a</span> user</div>
<div class="element iWantTo"><span class="keyword iWantTo">I want to</span> click chat icon</div>
</div>
<div class="scenario">
<h2>Scenario: Chat icon global header</h2>
<div class="step successful">Given user is on the OCOM  page</div>
<div class="step successful">When the page loads</div>
<div class="step successful">Then chat icon must appear in global header</div>
</div>
<div class="scenario">
<h2>Scenario: Chat icon side wall</h2>
<div class="step successful">Given user is on the OCOM  page</div>
<div class="step successful">When the page loads</div>
<div class="step successful">Then chat icon must appear on the side wall</div>
</div>
<div class="scenario">
<h2>Scenario: Start chat with agent from proactive chat window</h2>
<div class="step successful">Given user is on the OCOM  page</div>
<div class="step successful">When proactive chat appears</div>
<div class="step successful">Then user clicks on start chat button</div>
<div class="step failed">Then chat form must open <span class="keyword failed">(FAILED)</span><br/><span class="message failed">net.serenitybdd.core.exceptions.SerenityManagedException: unknown error: call function result missing 'value'
  (Session info: chrome=65.0.3325.162)
  (Driver info: chromedriver=2.33.506120 (e3e53437346286c0bc2d2dc9aa4915ba81d9023f),platform=Windows NT 10.0.15063 x86_64) (WARNING: The server did not provide any stacktrace information)
Command duration or timeout: 36 milliseconds
Build info: version: '3.4.0', revision: 'unknown', time: 'unknown'
System info: host: 'ARPANNEE-IN', ip: '10.178.30.34', os.name: 'Windows 10', os.arch: 'amd64', os.version: '10.0', java.version: '1.8.0_131'
Driver info: org.openqa.selenium.remote.RemoteWebDriver
Capabilities [{applicationCacheEnabled=false, rotatable=false, mobileEmulationEnabled=false, networkConnectionEnabled=false, chrome={chromedriverVersion=2.33.506120 (e3e53437346286c0bc2d2dc9aa4915ba81d9023f), userDataDir=C:\Users\arpannee\AppData\Local\Temp\scoped_dir1744_16606}, takesHeapSnapshot=true, pageLoadStrategy=normal, databaseEnabled=false, handlesAlerts=true, hasTouchScreen=false, version=65.0.3325.162, platform=XP, browserConnectionEnabled=false, nativeEvents=true, acceptSslCerts=true, locationContextEnabled=true, webStorageEnabled=true, browserName=chrome, takesScreenshot=true, javascriptEnabled=true, cssSelectorsEnabled=true, setWindowRect=true, unexpectedAlertBehaviour=}]
Session ID: 4c379c046ae322cabbfc0d4fa367d593</span></div>
<pre class="failure">net.serenitybdd.core.exceptions.SerenityManagedException: unknown error: call function result missing 'value'
  (Session info: chrome=65.0.3325.162)
  (Driver info: chromedriver=2.33.506120 (e3e53437346286c0bc2d2dc9aa4915ba81d9023f),platform=Windows NT 10.0.15063 x86_64) (WARNING: The server did not provide any stacktrace information)
Command duration or timeout: 36 milliseconds
Build info: version: '3.4.0', revision: 'unknown', time: 'unknown'
System info: host: 'ARPANNEE-IN', ip: '10.178.30.34', os.name: 'Windows 10', os.arch: 'amd64', os.version: '10.0', java.version: '1.8.0_131'
Driver info: org.openqa.selenium.remote.RemoteWebDriver
Capabilities [{applicationCacheEnabled=false, rotatable=false, mobileEmulationEnabled=false, networkConnectionEnabled=false, chrome={chromedriverVersion=2.33.506120 (e3e53437346286c0bc2d2dc9aa4915ba81d9023f), userDataDir=C:\Users\arpannee\AppData\Local\Temp\scoped_dir1744_16606}, takesHeapSnapshot=true, pageLoadStrategy=normal, databaseEnabled=false, handlesAlerts=true, hasTouchScreen=false, version=65.0.3325.162, platform=XP, browserConnectionEnabled=false, nativeEvents=true, acceptSslCerts=true, locationContextEnabled=true, webStorageEnabled=true, browserName=chrome, takesScreenshot=true, javascriptEnabled=true, cssSelectorsEnabled=true, setWindowRect=true, unexpectedAlertBehaviour=}]
Session ID: 4c379c046ae322cabbfc0d4fa367d593
	at net.serenitybdd.core.exceptions.SerenityManagedException.detachedCopyOf(SerenityManagedException.java:20)
	at net.thucydides.core.steps.StepInterceptor.runTestStep(StepInterceptor.java:364)
	at net.thucydides.core.steps.StepInterceptor.testStepResult(StepInterceptor.java:132)
	at net.thucydides.core.steps.StepInterceptor.intercept(StepInterceptor.java:61)
	at newser.steps.Chaticonsteps$$EnhancerByCGLIB$$aff0236f.is_chat_form_display(&lt;generated&gt;)
	at newser.steps.serenity.ChaticonDefinition.Thenchatformmustopen(ChaticonDefinition.java:57)
	(reflection-invoke)
	at org.jbehave.core.steps.StepCreator$ParametrisedStep.perform(StepCreator.java:733)
	at org.jbehave.core.embedder.PerformableTree$FineSoFar.run(PerformableTree.java:346)
...</pre>
</div>
<div class="scenario">
<h2>Scenario: Close proactive chat window</h2>
<div class="step successful">Given user is on the OCOM  page</div>
<div class="step successful">When proactive chat appears</div>
<div class="step successful">Then user clicks x</div>
<div class="step successful">Then chat form must not open</div>
</div>
</div>
